<?xml version="1.0" encoding="UTF-8"?>
<!-- Generated by org.testng.reporters.JUnitXMLReporter -->
<testsuite hostname="ADMIN-PC" ignored="0" name="Test" tests="1" failures="1" timestamp="2021-05-27T22:11:49 IST" time="0.417" errors="0">
  <testcase name="runUpdateIncident" time="0.0" classname="testcases.TC002_UpdateIncident">
    <failure type="org.testng.TestNGException" message="
Cannot inject @Test annotated Method [runUpdateIncident] with [class java.lang.String].
For more information on native dependency injection please refer to https://testng.org/doc/documentation-main.html#native-dependency-injection">
      <![CDATA[org.testng.TestNGException: 
Cannot inject @Test annotated Method [runUpdateIncident] with [class java.lang.String].
For more information on native dependency injection please refer to https://testng.org/doc/documentation-main.html#native-dependency-injection
at java.util.ArrayList.forEach(ArrayList.java:1259)
... Removed 26 stack frames]]>
    </failure>
  </testcase> <!-- runUpdateIncident -->
</testsuite> <!-- Test -->
